<?xml version="1.0" encoding="UTF-8"?>
<!-- Generated by org.testng.reporters.JUnitXMLReporter -->
<testsuite hostname="Mustafiz" ignored="8" name="Default test" tests="1" failures="0" timestamp="09 Apr 2017 03:43:36 GMT" time="2.231" errors="0">
  <testcase name="test_09" time="2.211" classname="APITesting.com.org.api.WeatherGetRequest"/>
  <testcase name="test_08" time="0.0" classname="APITesting.com.org.api.WeatherGetRequest">
    <ignored/>
  </testcase> <!-- test_08 -->
  <testcase name="test_01" time="0.0" classname="APITesting.com.org.api.WeatherGetRequest">
    <ignored/>
  </testcase> <!-- test_01 -->
  <testcase name="test_02" time="0.0" classname="APITesting.com.org.api.WeatherGetRequest">
    <ignored/>
  </testcase> <!-- test_02 -->
  <testcase name="test_05" time="0.0" classname="APITesting.com.org.api.WeatherGetRequest">
    <ignored/>
  </testcase> <!-- test_05 -->
  <testcase name="test_03" time="0.0" classname="APITesting.com.org.api.WeatherGetRequest">
    <ignored/>
  </testcase> <!-- test_03 -->
  <testcase name="test_06" time="0.0" classname="APITesting.com.org.api.WeatherGetRequest">
    <ignored/>
  </testcase> <!-- test_06 -->
  <testcase name="test_04" time="0.0" classname="APITesting.com.org.api.WeatherGetRequest">
    <ignored/>
  </testcase> <!-- test_04 -->
  <testcase name="test_07" time="0.0" classname="APITesting.com.org.api.WeatherGetRequest">
    <ignored/>
  </testcase> <!-- test_07 -->
</testsuite> <!-- Default test -->
