<?xml version="1.0" encoding="UTF-8"?>
<testng-results skipped="0" failed="0" ignored="8" total="9" passed="1">
  <reporter-output>
  </reporter-output>
  <suite name="Default suite" duration-ms="2231" started-at="2017-04-09T03:43:34Z" finished-at="2017-04-09T03:43:36Z">
    <groups>
    </groups>
    <test name="Default test" duration-ms="2231" started-at="2017-04-09T03:43:34Z" finished-at="2017-04-09T03:43:36Z">
      <class name="APITesting.com.org.api.WeatherGetRequest">
        <test-method status="PASS" signature="test_09()[pri:0, instance:APITesting.com.org.api.WeatherGetRequest@14acaea5]" name="test_09" duration-ms="2211" started-at="2017-04-08T23:43:34Z" finished-at="2017-04-08T23:43:36Z">
          <reporter-output>
          </reporter-output>
        </test-method> <!-- test_09 -->
      </class> <!-- APITesting.com.org.api.WeatherGetRequest -->
    </test> <!-- Default test -->
  </suite> <!-- Default suite -->
</testng-results>
